This is XeTeX, Version 3.141592653-2.6-0.999994 (MiKTeX 22.8.28) (preloaded format=xelatex 2022.9.6)  20 SEP 2022 10:20
entering extended mode
 restricted \write18 enabled.
 %&-line parsing enabled.
**./thesis.tex
(thesis.tex
LaTeX2e <2022-06-01> patch level 5
L3 programming layer <2022-08-23> (X:\MiKTeX\tex/latex/koma-script\scrbook.cls
Document Class: scrbook 2022/07/04 v3.37 KOMA-Script document class (book)
(X:\MiKTeX\tex/latex/koma-script\scrkbase.sty
Package: scrkbase 2022/07/04 v3.37 KOMA-Script package (KOMA-Script-dependent b
asics and keyval usage)

(X:\MiKTeX\tex/latex/koma-script\scrbase.sty
Package: scrbase 2022/07/04 v3.37 KOMA-Script package (KOMA-Script-independent 
basics and keyval usage)

(X:\MiKTeX\tex/latex/koma-script\scrlfile.sty
Package: scrlfile 2022/07/04 v3.37 KOMA-Script package (file load hooks)

(X:\MiKTeX\tex/latex/koma-script\scrlfile-hook.sty
Package: scrlfile-hook 2022/07/04 v3.37 KOMA-Script package (using LaTeX hooks)


(X:\MiKTeX\tex/latex/koma-script\scrlogo.sty
Package: scrlogo 2022/07/04 v3.37 KOMA-Script package (logo)
)))
(X:\MiKTeX\tex/latex/graphics\keyval.sty
Package: keyval 2022/05/29 v1.15 key=value parser (DPC)
\KV@toks@=\toks16
)
Applying: [2021/05/01] Usage of raw or classic option list on input line 252.
Already applied: [0000/00/00] Usage of raw or classic option list on input line
 368.
))
(X:\MiKTeX\tex/latex/koma-script\tocbasic.sty
Package: tocbasic 2022/07/04 v3.37 KOMA-Script package (handling toc-files)
\scr@dte@tocline@numberwidth=\skip47
\scr@dte@tocline@numbox=\box51
)
Package tocbasic Info: babel extension for `toc' omitted
(tocbasic)             because of missing \bbl@set@language on input line 137.
Class scrbook Info: You've used standard option `oneside'.
(scrbook)           This is correct!
(scrbook)           Internally I'm using `twoside=false'.
(scrbook)           If you'd like to set the option with \KOMAoptions,
(scrbook)           you'd have to use `twoside=false' there
(scrbook)           instead of `oneside', too.
Class scrbook Info: File `scrsize12pt.clo' used to setup font sizes on input li
ne 2569.

(X:\MiKTeX\tex/latex/koma-script\scrsize12pt.clo
File: scrsize12pt.clo 2022/07/04 v3.37 KOMA-Script font size class option (12pt
)
)
(X:\MiKTeX\tex/latex/koma-script\typearea.sty
Package: typearea 2022/07/04 v3.37 KOMA-Script package (type area)
\ta@bcor=\skip48
\ta@div=\count181
Package typearea Info: You've used standard option `oneside'.
(typearea)             This is correct!
(typearea)             Internally I'm using `twoside=false'.
(typearea)             If you'd like to set the option with \KOMAoptions,
(typearea)             you'd have to use `twoside=false' there
(typearea)             instead of `oneside', too.
\ta@hblk=\skip49
\ta@vblk=\skip50
\ta@temp=\skip51
\footheight=\skip52
Package typearea Info: These are the values describing the layout:
(typearea)             DIV  = 12
(typearea)             BCOR = 0.0pt
(typearea)             \paperwidth      = 597.50793pt
(typearea)              \textwidth      = 448.13095pt
(typearea)              DIV departure   = -6%
(typearea)              \evensidemargin = 2.4185pt
(typearea)              \oddsidemargin  = 2.4185pt
(typearea)             \paperheight     = 845.04694pt
(typearea)              \textheight     = 635.5pt
(typearea)              \topmargin      = -41.72441pt
(typearea)              \headheight     = 18.125pt
(typearea)              \headsep        = 21.75pt
(typearea)              \topskip        = 12.0pt
(typearea)              \footskip       = 50.75pt
(typearea)              \baselineskip   = 14.5pt
(typearea)              on input line 1766.
)
\c@part=\count182
\c@chapter=\count183
\c@section=\count184
\c@subsection=\count185
\c@subsubsection=\count186
\c@paragraph=\count187
\c@subparagraph=\count188
\scr@dte@chapter@maxnumwidth=\skip53
Class scrbook Info: using compatibility default `afterindent=bysign'
(scrbook)           for `\chapter on input line 5801.
\scr@dte@section@maxnumwidth=\skip54
Class scrbook Info: using compatibility default `runin=bysign'
(scrbook)           for `\section on input line 5812.
Class scrbook Info: using compatibility default `afterindent=bysign'
(scrbook)           for `\section on input line 5812.
\scr@dte@part@maxnumwidth=\skip55
Class scrbook Info: using compatibility default `afterindent=true'
(scrbook)           for `\part on input line 5821.
\scr@dte@subsection@maxnumwidth=\skip56
Class scrbook Info: using compatibility default `runin=bysign'
(scrbook)           for `\subsection on input line 5831.
Class scrbook Info: using compatibility default `afterindent=bysign'
(scrbook)           for `\subsection on input line 5831.
\scr@dte@subsubsection@maxnumwidth=\skip57
Class scrbook Info: using compatibility default `runin=bysign'
(scrbook)           for `\subsubsection on input line 5841.
Class scrbook Info: using compatibility default `afterindent=bysign'
(scrbook)           for `\subsubsection on input line 5841.
\scr@dte@paragraph@maxnumwidth=\skip58
Class scrbook Info: using compatibility default `runin=bysign'
(scrbook)           for `\paragraph on input line 5852.
Class scrbook Info: using compatibility default `afterindent=bysign'
(scrbook)           for `\paragraph on input line 5852.
\scr@dte@subparagraph@maxnumwidth=\skip59
Class scrbook Info: using compatibility default `runin=bysign'
(scrbook)           for `\subparagraph on input line 5862.
Class scrbook Info: using compatibility default `afterindent=bysign'
(scrbook)           for `\subparagraph on input line 5862.
\abovecaptionskip=\skip60
\belowcaptionskip=\skip61
\c@pti@nb@sid@b@x=\box52
Package tocbasic Info: babel extension for `lof' omitted
(tocbasic)             because of missing \bbl@set@language on input line 7033.

\scr@dte@figure@maxnumwidth=\skip62
\c@figure=\count189
Package tocbasic Info: babel extension for `lot' omitted
(tocbasic)             because of missing \bbl@set@language on input line 7050.

\scr@dte@table@maxnumwidth=\skip63
\c@table=\count190
Class scrbook Info: Redefining `\numberline' on input line 7221.
\bibindent=\dimen138
)
(X:\MiKTeX\tex/latex/fontspec\fontspec.sty
(X:\MiKTeX\tex/latex/l3packages/xparse\xparse.sty
(X:\MiKTeX\tex/latex/l3kernel\expl3.sty
Package: expl3 2022-08-23 L3 programming layer (loader) 

(X:\MiKTeX\tex/latex/l3backend\l3backend-xetex.def
File: l3backend-xetex.def 2022-08-23 L3 backend support: XeTeX
\g__graphics_track_int=\count191
\l__pdf_internal_box=\box53
\g__pdf_backend_object_int=\count192
\g__pdf_backend_annotation_int=\count193
\g__pdf_backend_link_int=\count194
))
Package: xparse 2022-06-22 L3 Experimental document command parser
)
Package: fontspec 2022/01/15 v2.8a Font selection for XeLaTeX and LuaLaTeX

(X:\MiKTeX\tex/latex/fontspec\fontspec-xetex.sty
Package: fontspec-xetex 2022/01/15 v2.8a Font selection for XeLaTeX and LuaLaTe
X
\l__fontspec_script_int=\count195
\l__fontspec_language_int=\count196
\l__fontspec_strnum_int=\count197
\l__fontspec_tmp_int=\count198
\l__fontspec_tmpa_int=\count199
\l__fontspec_tmpb_int=\count266
\l__fontspec_tmpc_int=\count267
\l__fontspec_em_int=\count268
\l__fontspec_emdef_int=\count269
\l__fontspec_strong_int=\count270
\l__fontspec_strongdef_int=\count271
\l__fontspec_tmpa_dim=\dimen139
\l__fontspec_tmpb_dim=\dimen140
\l__fontspec_tmpc_dim=\dimen141

(X:\MiKTeX\tex/latex/base\fontenc.sty
Package: fontenc 2021/04/29 v2.0v Standard LaTeX package
)
(X:\MiKTeX\tex/latex/fontspec\fontspec.cfg)))
(X:\MiKTeX\tex/latex/graphics\graphicx.sty
Package: graphicx 2021/09/16 v1.2d Enhanced LaTeX Graphics (DPC,SPQR)

(X:\MiKTeX\tex/latex/graphics\graphics.sty
Package: graphics 2022/03/10 v1.4e Standard LaTeX Graphics (DPC,SPQR)

(X:\MiKTeX\tex/latex/graphics\trig.sty
Package: trig 2021/08/11 v1.11 sin cos tan (DPC)
)
(X:\MiKTeX\tex/latex/graphics-cfg\graphics.cfg
File: graphics.cfg 2016/06/04 v1.11 sample graphics configuration
)
Package graphics Info: Driver file: xetex.def on input line 107.

(X:\MiKTeX\tex/latex/graphics-def\xetex.def
File: xetex.def 2022/04/16 v5.0m Graphics/color driver for xetex
))
\Gin@req@height=\dimen142
\Gin@req@width=\dimen143
)
(X:\MiKTeX\tex/latex/setspace\setspace.sty
Package: setspace 2011/12/19 v6.7a set line spacing
)
(X:\MiKTeX\tex/latex/polyglossia\polyglossia.sty
Package: polyglossia 2022/07/18 v1.57 Modern multilingual typesetting with XeLa
TeX and LuaLaTeX

(X:\MiKTeX\tex/latex/etoolbox\etoolbox.sty
Package: etoolbox 2020/10/05 v2.5k e-TeX tools for LaTeX (JAW)
\etb@tempcnta=\count272
)
(X:\MiKTeX\tex/latex/makecmds\makecmds.sty
Package: makecmds 2009/09/03 v1.0a extra command making commands
)
(X:\MiKTeX\tex/latex/xkeyval\xkeyval.sty
Package: xkeyval 2022/06/16 v2.9 package option processing (HA)

(X:\MiKTeX\tex/generic/xkeyval\xkeyval.tex
(X:\MiKTeX\tex/generic/xkeyval\xkvutils.tex
\XKV@toks=\toks17
\XKV@tempa@toks=\toks18
)
\XKV@depth=\count273
File: xkeyval.tex 2014/12/03 v2.7a key=value parser (HA)
))
(X:\MiKTeX\tex/generic/iftex\iftex.sty
Package: iftex 2022/02/03 v1.0f TeX engine tests
)
(X:\MiKTeX\tex/latex/l3packages/l3keys2e\l3keys2e.sty
Package: l3keys2e 2022-06-22 LaTeX2e option processing using LaTeX3 keys
)
\xpg@normalclass=\XeTeXcharclass1

(X:\MiKTeX\tex/latex/polyglossia\gloss-latex.lde
Package: gloss-latex 2021/07/10 vv1.53 polyglossia: module for default language

The property list \polyglossia@langsetup contains the pairs (without outer
braces):
>  {latex/script}  =>  {latin}
>  {latex/lcscript}  =>  {latin}
>  {latex/scripttag}  =>  {}
>  {latex/language}  =>  {Latex}
>  {latex/langtag}  =>  {ENG}
>  {latex/bcp47}  =>  {}
>  {latex/hyphennames}  =>  {english}
>  {latex/direction}  =>  {LR}
>  {latex/hyphenmins}  =>  {2,3}
>  {latex/frenchspacing}  =>  {false}
>  {latex/indentfirst}  =>  {false}
>  {latex/fontsetup}  =>  {true}
>  {latex/envname}  =>  {latex}
>  {latex/babelname}  =>  {latex}
>  {latex/localnumeral}  =>  {polyglossia@C@localnumeral}
>  {latex/Localnumeral}  =>  {polyglossia@C@localnumeral}
>  {latex/DefineCommandsCmd}  =>  {use_none:n}.
)
Package polyglossia Info: Default language is latex.
)
(X:\MiKTeX\tex/latex/polyglossia\gloss-english.ldf
File: gloss-english.ldf polyglossia: module for english
The property list \polyglossia@langsetup contains the pairs (without outer
braces):
>  {latex/script}  =>  {latin}
>  {latex/lcscript}  =>  {latin}
>  {latex/scripttag}  =>  {}
>  {latex/language}  =>  {Latex}
>  {latex/langtag}  =>  {ENG}
>  {latex/bcp47}  =>  {}
>  {latex/hyphennames}  =>  {english}
>  {latex/direction}  =>  {LR}
>  {latex/hyphenmins}  =>  {2,3}
>  {latex/frenchspacing}  =>  {false}
>  {latex/indentfirst}  =>  {false}
>  {latex/fontsetup}  =>  {true}
>  {latex/envname}  =>  {latex}
>  {latex/babelname}  =>  {latex}
>  {latex/localnumeral}  =>  {polyglossia@C@localnumeral}
>  {latex/Localnumeral}  =>  {polyglossia@C@localnumeral}
>  {latex/DefineCommandsCmd}  =>  {use_none:n}
>  {english/script}  =>  {latin}
>  {english/lcscript}  =>  {latin}
>  {english/scripttag}  =>  {}
>  {english/language}  =>  {English}
>  {english/langtag}  =>  {ENG}
>  {english/bcp47}  =>  {en-US}
>  {english/hyphennames}  =>  {english,american,usenglish,USenglish}
>  {english/direction}  =>  {LR}
>  {english/hyphenmins}  =>  {2,3}
>  {english/frenchspacing}  =>  {false}
>  {english/indentfirst}  =>  {false}
>  {english/fontsetup}  =>  {true}
>  {english/envname}  =>  {english}
>  {english/babelname}  =>  {english}
>  {english/localnumeral}  =>  {polyglossia@C@localnumeral}
>  {english/Localnumeral}  =>  {polyglossia@C@localnumeral}
>  {english/DefineCommandsCmd}  =>  {xpg_define_language_commands:e}.
Package polyglossia Info: Option: English, variant=american.
)
Package polyglossia Info: Default language is english.

(X:\MiKTeX\tex/latex/booktabs\booktabs.sty
Package: booktabs 2020/01/12 v1.61803398 Publication quality tables
\heavyrulewidth=\dimen144
\lightrulewidth=\dimen145
\cmidrulewidth=\dimen146
\belowrulesep=\dimen147
\belowbottomsep=\dimen148
\aboverulesep=\dimen149
\abovetopsep=\dimen150
\cmidrulesep=\dimen151
\cmidrulekern=\dimen152
\defaultaddspace=\dimen153
\@cmidla=\count274
\@cmidlb=\count275
\@aboverulesep=\dimen154
\@belowrulesep=\dimen155
\@thisruleclass=\count276
\@lastruleclass=\count277
\@thisrulewidth=\dimen156
)
(X:\MiKTeX\tex/latex/tools\multicol.sty
Package: multicol 2021/10/28 v1.9b multicolumn formatting (FMi)
\c@tracingmulticols=\count278
\mult@box=\box54
\multicol@leftmargin=\dimen157
\c@unbalance=\count279
\c@collectmore=\count280
\doublecol@number=\count281
\multicoltolerance=\count282
\multicolpretolerance=\count283
\full@width=\dimen158
\page@free=\dimen159
\premulticols=\dimen160
\postmulticols=\dimen161
\multicolsep=\skip64
\multicolbaselineskip=\skip65
\partial@page=\box55
\last@line=\box56
\maxbalancingoverflow=\dimen162
\mult@rightbox=\box57
\mult@grightbox=\box58
\mult@firstbox=\box59
\mult@gfirstbox=\box60
\@tempa=\box61
\@tempa=\box62
\@tempa=\box63
\@tempa=\box64
\@tempa=\box65
\@tempa=\box66
\@tempa=\box67
\@tempa=\box68
\@tempa=\box69
\@tempa=\box70
\@tempa=\box71
\@tempa=\box72
\@tempa=\box73
\@tempa=\box74
\@tempa=\box75
\@tempa=\box76
\@tempa=\box77
\@tempa=\box78
\@tempa=\box79
\@tempa=\box80
\@tempa=\box81
\@tempa=\box82
\@tempa=\box83
\@tempa=\box84
\@tempa=\box85
\@tempa=\box86
\@tempa=\box87
\@tempa=\box88
\@tempa=\box89
\@tempa=\box90
\@tempa=\box91
\@tempa=\box92
\@tempa=\box93
\@tempa=\box94
\@tempa=\box95
\@tempa=\box96
\c@minrows=\count284
\c@columnbadness=\count285
\c@finalcolumnbadness=\count286
\last@try=\dimen163
\multicolovershoot=\dimen164
\multicolundershoot=\dimen165
\mult@nat@firstbox=\box97
\colbreak@box=\box98
\mc@col@check@num=\count287
)
(X:\MiKTeX\tex/latex/multirow\multirow.sty
Package: multirow 2021/03/15 v2.8 Span multiple rows of a table
\multirow@colwidth=\skip66
\multirow@cntb=\count288
\multirow@dima=\skip67
\bigstrutjot=\dimen166
)
(X:\MiKTeX\tex/latex/koma-script\scrlayer-scrpage.sty
Package: scrlayer-scrpage 2022/07/04 v3.37 KOMA-Script package (end user interf
ace for scrlayer)

(X:\MiKTeX\tex/latex/koma-script\scrlayer.sty
Package: scrlayer 2022/07/04 v3.37 KOMA-Script package (defining layers and pag
e styles)
Package scrlayer Info: patching LaTeX kernel macro \pagestyle on input line 215
5.
)
Package scrlayer-scrpage Info: Makeing stand-alone element `pagehead' from
(scrlayer-scrpage)             alias to `pageheadfoot' on input line 1089.
)
(X:\MiKTeX\tex/latex/biblatex\biblatex.sty
Package: biblatex 2022/07/12 v3.18b programmable bibliographies (PK/MW)

(X:\MiKTeX\tex/generic/pdftexcmds\pdftexcmds.sty
Package: pdftexcmds 2020-06-27 v0.33 Utility functions of pdfTeX for LuaTeX (HO
)

(X:\MiKTeX\tex/generic/infwarerr\infwarerr.sty
Package: infwarerr 2019/12/03 v1.5 Providing info/warning/error messages (HO)
)
(X:\MiKTeX\tex/generic/ltxcmds\ltxcmds.sty
Package: ltxcmds 2020-05-10 v1.25 LaTeX kernel commands for general use (HO)
)
Package pdftexcmds Info: \pdf@primitive is available.
Package pdftexcmds Info: \pdf@ifprimitive is available.
Package pdftexcmds Info: \pdfdraftmode not found.
)
(X:\MiKTeX\tex/latex/kvoptions\kvoptions.sty
Package: kvoptions 2022-06-15 v3.15 Key value format for package options (HO)

(X:\MiKTeX\tex/generic/kvsetkeys\kvsetkeys.sty
Package: kvsetkeys 2019/12/15 v1.18 Key value parser (HO)
))
(X:\MiKTeX\tex/latex/logreq\logreq.sty
Package: logreq 2010/08/04 v1.0 xml request logger
\lrq@indent=\count289
 (X:\MiKTeX\tex/latex/logreq\logreq.def
File: logreq.def 2010/08/04 v1.0 logreq spec v1.0
)) (X:\MiKTeX\tex/latex/base\ifthen.sty
Package: ifthen 2022/04/13 v1.1d Standard LaTeX ifthen package (DPC)
) (X:\MiKTeX\tex/latex/url\url.sty
\Urlmuskip=\muskip16
Package: url 2013/09/16  ver 3.4  Verb mode for urls, etc.
)
\c@tabx@nest=\count290
\c@listtotal=\count291
\c@listcount=\count292
\c@liststart=\count293
\c@liststop=\count294
\c@citecount=\count295
\c@citetotal=\count296
\c@multicitecount=\count297
\c@multicitetotal=\count298
\c@instcount=\count299
\c@maxnames=\count300
\c@minnames=\count301
\c@maxitems=\count302
\c@minitems=\count303
\c@citecounter=\count304
\c@maxcitecounter=\count305
\c@savedcitecounter=\count306
\c@uniquelist=\count307
\c@uniquename=\count308
\c@refsection=\count309
\c@refsegment=\count310
\c@maxextratitle=\count311
\c@maxextratitleyear=\count312
\c@maxextraname=\count313
\c@maxextradate=\count314
\c@maxextraalpha=\count315
\c@abbrvpenalty=\count316
\c@highnamepenalty=\count317
\c@lownamepenalty=\count318
\c@maxparens=\count319
\c@parenlevel=\count320
\blx@tempcnta=\count321
\blx@tempcntb=\count322
\blx@tempcntc=\count323
\c@blx@maxsection=\count324
\blx@maxsegment@0=\count325
\blx@notetype=\count326
\blx@parenlevel@text=\count327
\blx@parenlevel@foot=\count328
\blx@sectionciteorder@0=\count329
\blx@sectionciteorderinternal@0=\count330
\blx@entrysetcounter=\count331
\blx@biblioinstance=\count332
\labelnumberwidth=\skip68
\labelalphawidth=\skip69
\biblabelsep=\skip70
\bibitemsep=\skip71
\bibnamesep=\skip72
\bibinitsep=\skip73
\bibparsep=\skip74
\bibhang=\skip75
\blx@bcfin=\read2
\blx@bcfout=\write3
\blx@langwohyphens=\language79
\c@mincomprange=\count333
\c@maxcomprange=\count334
\c@mincompwidth=\count335
Package biblatex Info: Trying to load biblatex default data model...
Package biblatex Info: ... file 'blx-dm.def' found.

(X:\MiKTeX\tex/latex/biblatex\blx-dm.def
File: blx-dm.def 2022/07/12 v3.18b biblatex localization (PK/MW)
)
Package biblatex Info: Trying to load biblatex citestyle data model...
Package biblatex Info: ... file 'numeric.dbx' not found.
Package biblatex Info: Trying to load biblatex custom data model...
Package biblatex Info: ... file 'biblatex-dm.cfg' not found.
\c@afterword=\count336
\c@savedafterword=\count337
\c@annotator=\count338
\c@savedannotator=\count339
\c@author=\count340
\c@savedauthor=\count341
\c@bookauthor=\count342
\c@savedbookauthor=\count343
\c@commentator=\count344
\c@savedcommentator=\count345
\c@editor=\count346
\c@savededitor=\count347
\c@editora=\count348
\c@savededitora=\count349
\c@editorb=\count350
\c@savededitorb=\count351
\c@editorc=\count352
\c@savededitorc=\count353
\c@foreword=\count354
\c@savedforeword=\count355
\c@holder=\count356
\c@savedholder=\count357
\c@introduction=\count358
\c@savedintroduction=\count359
\c@namea=\count360
\c@savednamea=\count361
\c@nameb=\count362
\c@savednameb=\count363
\c@namec=\count364
\c@savednamec=\count365
\c@translator=\count366
\c@savedtranslator=\count367
\c@shortauthor=\count368
\c@savedshortauthor=\count369
\c@shorteditor=\count370
\c@savedshorteditor=\count371
\c@labelname=\count372
\c@savedlabelname=\count373
\c@institution=\count374
\c@savedinstitution=\count375
\c@lista=\count376
\c@savedlista=\count377
\c@listb=\count378
\c@savedlistb=\count379
\c@listc=\count380
\c@savedlistc=\count381
\c@listd=\count382
\c@savedlistd=\count383
\c@liste=\count384
\c@savedliste=\count385
\c@listf=\count386
\c@savedlistf=\count387
\c@location=\count388
\c@savedlocation=\count389
\c@organization=\count390
\c@savedorganization=\count391
\c@origlocation=\count392
\c@savedoriglocation=\count393
\c@origpublisher=\count394
\c@savedorigpublisher=\count395
\c@publisher=\count396
\c@savedpublisher=\count397
\c@language=\count398
\c@savedlanguage=\count399
\c@origlanguage=\count400
\c@savedoriglanguage=\count401
\c@pageref=\count402
\c@savedpageref=\count403
\shorthandwidth=\skip76
\shortjournalwidth=\skip77
\shortserieswidth=\skip78
\shorttitlewidth=\skip79
\shortauthorwidth=\skip80
\shorteditorwidth=\skip81
\locallabelnumberwidth=\skip82
\locallabelalphawidth=\skip83
\localshorthandwidth=\skip84
\localshortjournalwidth=\skip85
\localshortserieswidth=\skip86
\localshorttitlewidth=\skip87
\localshortauthorwidth=\skip88
\localshorteditorwidth=\skip89
Package biblatex Info: Trying to load enhanced support for Unicode engines...
Package biblatex Info: ... file 'blx-unicode.def' found.

(X:\MiKTeX\tex/latex/biblatex\blx-unicode.def)
Package biblatex Info: Trying to load compatibility code...
Package biblatex Info: ... file 'blx-compat.def' found.

(X:\MiKTeX\tex/latex/biblatex\blx-compat.def
File: blx-compat.def 2022/07/12 v3.18b biblatex compatibility (PK/MW)
)
Package biblatex Info: Trying to load generic definitions...
Package biblatex Info: ... file 'biblatex.def' found.

(X:\MiKTeX\tex/latex/biblatex\biblatex.def
File: biblatex.def 2022/07/12 v3.18b biblatex compatibility (PK/MW)
\c@textcitecount=\count404
\c@textcitetotal=\count405
\c@textcitemaxnames=\count406
\c@biburlbigbreakpenalty=\count407
\c@biburlbreakpenalty=\count408
\c@biburlnumpenalty=\count409
\c@biburlucpenalty=\count410
\c@biburllcpenalty=\count411
\biburlbigskip=\muskip17
\biburlnumskip=\muskip18
\biburlucskip=\muskip19
\biburllcskip=\muskip20
\c@smartand=\count412
)
Package biblatex Info: Trying to load bibliography style 'numeric'...
Package biblatex Info: ... file 'numeric.bbx' found.

(X:\MiKTeX\tex/latex/biblatex/bbx\numeric.bbx
File: numeric.bbx 2022/07/12 v3.18b biblatex bibliography style (PK/MW)
Package biblatex Info: Trying to load bibliography style 'standard'...
Package biblatex Info: ... file 'standard.bbx' found.

(X:\MiKTeX\tex/latex/biblatex/bbx\standard.bbx
File: standard.bbx 2022/07/12 v3.18b biblatex bibliography style (PK/MW)
\c@bbx:relatedcount=\count413
\c@bbx:relatedtotal=\count414
))
Package biblatex Info: Trying to load citation style 'numeric'...
Package biblatex Info: ... file 'numeric.cbx' found.

(X:\MiKTeX\tex/latex/biblatex/cbx\numeric.cbx
File: numeric.cbx 2022/07/12 v3.18b biblatex citation style (PK/MW)
Package biblatex Info: Redefining '\cite'.
Package biblatex Info: Redefining '\parencite'.
Package biblatex Info: Redefining '\footcite'.
Package biblatex Info: Redefining '\footcitetext'.
Package biblatex Info: Redefining '\smartcite'.
Package biblatex Info: Redefining '\supercite'.
Package biblatex Info: Redefining '\textcite'.
Package biblatex Info: Redefining '\textcites'.
Package biblatex Info: Redefining '\cites'.
Package biblatex Info: Redefining '\parencites'.
Package biblatex Info: Redefining '\smartcites'.
)
Package biblatex Info: Trying to load configuration file...
Package biblatex Info: ... file 'biblatex.cfg' found.

(X:\MiKTeX\tex/latex/biblatex\biblatex.cfg
File: biblatex.cfg 
)
Package biblatex Info: XeTeX detected.
(biblatex)             Assuming input encoding 'utf8'.
Package biblatex Info: Document encoding is UTF8 ....
Package biblatex Info: ... and expl3
(biblatex)             2022-08-23 L3 programming layer (loader) 
(biblatex)             is new enough (at least 2020/04/06),
(biblatex)             setting 'casechanger=expl3'.

(X:\MiKTeX\tex/latex/biblatex\blx-case-expl3.sty
Package: blx-case-expl3 2022/07/12 v3.18b expl3 case changing code for biblatex

))
(X:\MiKTeX\tex/latex/csquotes\csquotes.sty
Package: csquotes 2021-02-22 v5.2l context-sensitive quotations (JAW)
\csq@reset=\count415
\csq@gtype=\count416
\csq@glevel=\count417
\csq@qlevel=\count418
\csq@maxlvl=\count419
\csq@tshold=\count420
\csq@ltx@everypar=\toks19

(X:\MiKTeX\tex/latex/csquotes\csquotes.def
File: csquotes.def 2021-02-22 v5.2l csquotes generic definitions (JAW)
)
Package csquotes Info: Trying to load configuration file 'csquotes.cfg'...
Package csquotes Info: ... configuration file loaded successfully.

(X:\MiKTeX\tex/latex/csquotes\csquotes.cfg
File: csquotes.cfg 
)
Package csquotes Info: Enabling multilingual quotes.
Package csquotes Info: Redefining alias 'english' -> 'english/american'.
Package csquotes Info: Redefining alias 'german' -> 'german/quotes'.
Package csquotes Info: Enabling strict warnings.
)
(X:\MiKTeX\tex/latex/appendix\appendix.sty
Package: appendix 2020/02/08 v1.2c extra appendix facilities
\c@@pps=\count421
\c@@ppsavesec=\count422
\c@@ppsaveapp=\count423
)
(X:\MiKTeX\tex/latex/listings\listings.sty
\lst@mode=\count424
\lst@gtempboxa=\box99
\lst@token=\toks20
\lst@length=\count425
\lst@currlwidth=\dimen167
\lst@column=\count426
\lst@pos=\count427
\lst@lostspace=\dimen168
\lst@width=\dimen169
\lst@newlines=\count428
\lst@lineno=\count429
\lst@maxwidth=\dimen170

(X:\MiKTeX\tex/latex/listings\lstmisc.sty
File: lstmisc.sty 2020/03/24 1.8d (Carsten Heinz)
\c@lstnumber=\count430
\lst@skipnumbers=\count431
\lst@framebox=\box100
)
(X:\MiKTeX\tex/latex/listings\listings.cfg
File: listings.cfg 2020/03/24 1.8d listings configuration
))
Package: listings 2020/03/24 1.8d (Carsten Heinz)

(X:\MiKTeX\tex/latex/xcolor\xcolor.sty
Package: xcolor 2022/06/12 v2.14 LaTeX color extensions (UK)

(X:\MiKTeX\tex/latex/graphics-cfg\color.cfg
File: color.cfg 2016/01/02 v1.6 sample color configuration
)
Package xcolor Info: Driver file: xetex.def on input line 227.

(X:\MiKTeX\tex/latex-dev/graphics\mathcolor.ltx)
Package xcolor Info: Model `cmy' substituted by `cmy0' on input line 1353.
Package xcolor Info: Model `RGB' extended on input line 1369.
Package xcolor Info: Model `HTML' substituted by `rgb' on input line 1371.
Package xcolor Info: Model `Hsb' substituted by `hsb' on input line 1372.
Package xcolor Info: Model `tHsb' substituted by `hsb' on input line 1373.
Package xcolor Info: Model `HSB' substituted by `hsb' on input line 1374.
Package xcolor Info: Model `Gray' substituted by `gray' on input line 1375.
Package xcolor Info: Model `wave' substituted by `hsb' on input line 1376.
)
(X:\MiKTeX\tex/latex/enumitem\enumitem.sty
Package: enumitem 2019/06/20 v3.9 Customized lists
\labelindent=\skip90
\enit@outerparindent=\dimen171
\enit@toks=\toks21
\enit@inbox=\box101
\enit@count@id=\count432
\enitdp@description=\count433
)
(X:\MiKTeX\tex/latex/breqn\breqn.sty
Package: breqn 2021/10/28 v0.98l Breaking equations
 (X:\MiKTeX\tex/latex/amsmath\amsmath.sty
Package: amsmath 2022/04/08 v2.17n AMS math features
\@mathmargin=\skip91

For additional information on amsmath, use the `?' option.
(X:\MiKTeX\tex/latex/amsmath\amstext.sty
Package: amstext 2021/08/26 v2.01 AMS text

(X:\MiKTeX\tex/latex/amsmath\amsgen.sty
File: amsgen.sty 1999/11/30 v2.0 generic functions
\@emptytoks=\toks22
\ex@=\dimen172
))
(X:\MiKTeX\tex/latex/amsmath\amsbsy.sty
Package: amsbsy 1999/11/29 v1.2d Bold Symbols
\pmbraise@=\dimen173
)
(X:\MiKTeX\tex/latex/amsmath\amsopn.sty
Package: amsopn 2022/04/08 v2.04 operator names
)
\inf@bad=\count434
LaTeX Info: Redefining \frac on input line 234.
\uproot@=\count435
\leftroot@=\count436
LaTeX Info: Redefining \overline on input line 399.
LaTeX Info: Redefining \colon on input line 410.
\classnum@=\count437
\DOTSCASE@=\count438
LaTeX Info: Redefining \ldots on input line 496.
LaTeX Info: Redefining \dots on input line 499.
LaTeX Info: Redefining \cdots on input line 620.
\Mathstrutbox@=\box102
\strutbox@=\box103
LaTeX Info: Redefining \big on input line 722.
LaTeX Info: Redefining \Big on input line 723.
LaTeX Info: Redefining \bigg on input line 724.
LaTeX Info: Redefining \Bigg on input line 725.
\big@size=\dimen174
LaTeX Font Info:    Redeclaring font encoding OML on input line 743.
LaTeX Font Info:    Redeclaring font encoding OMS on input line 744.
\macc@depth=\count439
LaTeX Info: Redefining \bmod on input line 905.
LaTeX Info: Redefining \pmod on input line 910.
LaTeX Info: Redefining \smash on input line 940.
LaTeX Info: Redefining \relbar on input line 970.
LaTeX Info: Redefining \Relbar on input line 971.
\c@MaxMatrixCols=\count440
\dotsspace@=\muskip21
\c@parentequation=\count441
\dspbrk@lvl=\count442
\tag@help=\toks23
\row@=\count443
\column@=\count444
\maxfields@=\count445
\andhelp@=\toks24
\eqnshift@=\dimen175
\alignsep@=\dimen176
\tagshift@=\dimen177
\tagwidth@=\dimen178
\totwidth@=\dimen179
\lineht@=\dimen180
\@envbody=\toks25
\multlinegap=\skip92
\multlinetaggap=\skip93
\mathdisplay@stack=\toks26
LaTeX Info: Redefining \[ on input line 2953.
LaTeX Info: Redefining \] on input line 2954.
)
(X:\MiKTeX\tex/latex/breqn\flexisym.sty
Package: flexisym 2021/10/28 v0.98l Make math characters macros
LaTeX Info: Redefining \textprime on input line 299.
LaTeX Info: Redefining \not on input line 357.
 (X:\MiKTeX\tex/latex/breqn\cmbase.sym
File: cmbase.sym 2007/12/19 v0.92
LaTeX Info: Redefining \hbar on input line 324.
LaTeX Info: Redefining \surd on input line 326.
LaTeX Info: Redefining \angle on input line 334.
LaTeX Info: Redefining \neq on input line 335.
LaTeX Info: Redefining \mapsto on input line 336.
LaTeX Info: Redefining \cong on input line 337.
LaTeX Info: Redefining \notin on input line 340.
LaTeX Info: Redefining \rightleftharpoons on input line 341.
LaTeX Info: Redefining \doteq on input line 342.
LaTeX Info: Redefining \hookrightarrow on input line 343.
LaTeX Info: Redefining \hookleftarrow on input line 344.
LaTeX Info: Redefining \bowtie on input line 345.
LaTeX Info: Redefining \models on input line 346.
LaTeX Info: Redefining \Longrightarrow on input line 347.
LaTeX Info: Redefining \longrightarrow on input line 348.
LaTeX Info: Redefining \Longleftarrow on input line 349.
LaTeX Info: Redefining \longleftarrow on input line 350.
LaTeX Info: Redefining \longmapsto on input line 351.
LaTeX Info: Redefining \longleftrightarrow on input line 352.
LaTeX Info: Redefining \Longleftrightarrow on input line 353.
LaTeX Info: Redefining \cdots on input line 357.
LaTeX Info: Redefining \vdots on input line 360.
LaTeX Info: Redefining \ddots on input line 365.
)
(X:\MiKTeX\tex/latex/breqn\mathstyle.sty
Package: mathstyle 2021/10/28 v0.98l Tracking mathstyle implicitly
LaTeX Info: Redefining \displaystyle on input line 95.
LaTeX Info: Redefining \textstyle on input line 97.
LaTeX Info: Redefining \scriptstyle on input line 99.
LaTeX Info: Redefining \scriptscriptstyle on input line 101.
LaTeX Info: Redefining \genfrac on input line 149.
)) (X:\MiKTeX\tex/latex/tools\calc.sty
Package: calc 2017/05/25 v4.3 Infix arithmetic (KKT,FJ)
\calc@Acount=\count446
\calc@Bcount=\count447
\calc@Adimen=\dimen181
\calc@Bdimen=\dimen182
\calc@Askip=\skip94
\calc@Bskip=\skip95
LaTeX Info: Redefining \setlength on input line 80.
LaTeX Info: Redefining \addtolength on input line 81.
\calc@Ccount=\count448
\calc@Cskip=\skip96
)
\inf@bad=\count449
\maxint=\count450
\listwidth=\dimen183
\eqnumsep=\dimen184
\eqmargin=\dimen185
\eqlinespacing=\skip97
\eqlineskip=\skip98
\eqlineskiplimit=\dimen186
\eqbinoffset=\muskip22
\eqdelimoffset=\muskip23
\eqindentstep=\dimen187
\eqstyle=\toks27
\eqbreakdepth=\count451
\eqinterlinepenalty=\count452
\intereqpenalty=\count453
\intereqskip=\skip99
\prerelpenalty=\count454
\prebinoppenalty=\count455
\Dmedmuskip=\muskip24
\Dthickmuskip=\muskip25
\eqleftskip=\skip100
\eqrightskip=\skip101
\eq@vspan=\skip102
\eq@binoffset=\muskip26
\EQ@box=\box104
\EQ@copy=\box105
\EQ@numbox=\box106
\eq@wdNum=\dimen188
\GRP@numbox=\box107
\grp@wdNum=\dimen189
\eq@lines=\count456
\eq@curline=\count457
\eq@badness=\count458
\EQ@vims=\count459
\eq@dp=\dimen190
\eq@wdL=\dimen191
\eq@wdT=\dimen192
\eq@wdMin=\dimen193
\grp@wdL=\dimen194
\grp@wdR=\dimen195
\grp@wdT=\dimen196
\eq@wdRmax=\dimen197
\eq@firstht=\dimen198
\eq@wdCond=\dimen199
\eq@indentstep=\dimen256
\eq@linewidth=\dimen257
\grp@linewidth=\dimen258
\eq@hshift=\dimen259
\eq@given@sidespace=\dimen260
\mathindent=\dimen261
\eq@final@linecount=\count460
\eq@wdR=\dimen262
\EQ@continue=\toks28
\lr@level=\count461
\GRP@queue=\toks29
\GRP@box=\box108
\GRP@wholebox=\box109
\darraycolsep=\skip103
\cur@row=\count462
\cur@col=\count463
\conditionsep=\skip104
) (X:\MiKTeX\tex/latex/caption\subcaption.sty
Package: subcaption 2022/01/07 v1.5 Sub-captions (AR)

(X:\MiKTeX\tex/latex/caption\caption.sty
Package: caption 2022/03/01 v3.6b Customizing captions (AR)

(X:\MiKTeX\tex/latex/caption\caption3.sty
Package: caption3 2022/03/17 v2.3b caption3 kernel (AR)
\caption@tempdima=\dimen263
\captionmargin=\dimen264
\caption@leftmargin=\dimen265
\caption@rightmargin=\dimen266
\caption@width=\dimen267
\caption@indent=\dimen268
\caption@parindent=\dimen269
\caption@hangindent=\dimen270
Package caption Info: KOMA-Script document class detected.

(X:\MiKTeX\tex/latex/caption\caption-koma.sto
File: caption-koma.sto 2020/09/21 v2.0b Adaption of the caption package to the 
KOMA-Script document classes (AR)
))
\c@caption@flags=\count464
\c@continuedfloat=\count465
Package caption Info: listings package is loaded.
)
\c@subfigure=\count466
\c@subtable=\count467
)
(X:\MiKTeX\tex/latex/pdfpages\pdfpages.sty
Package: pdfpages 2022/05/22 v0.5v Insert pages of external PDF documents (AM)

(X:\MiKTeX\tex/latex/eso-pic\eso-pic.sty
Package: eso-pic 2020/10/14 v3.0a eso-pic (RN)
\ESO@tempdima=\dimen271
\ESO@tempdimb=\dimen272
)
\AM@pagewidth=\dimen273
\AM@pageheight=\dimen274
\AM@fboxrule=\dimen275

(X:\MiKTeX\tex/latex/pdfpages\ppxetex.def
File: ppxetex.def 2022/05/22 v0.5v Pdfpages driver for XeTeX (AM)
)
\pdfpages@includegraphics@status=\count468
\AM@pagebox=\box110
\AM@global@opts=\toks30
\AM@pagecnt=\count469
\AM@toc@title=\toks31
\c@AM@survey=\count470
\AM@templatesizebox=\box111
)
\imagewidth=\skip105

(X:\MiKTeX\tex/latex/glossaries/base\glossaries.sty
Package: glossaries 2021/11/01 v4.49 (NLCT)

(X:\MiKTeX\tex/latex/mfirstuc\mfirstuc.sty
Package: mfirstuc 2021/10/15 v2.07 (NLCT)
\@glsmfirst=\toks32
\@glsmrest=\toks33
)
(X:\MiKTeX\tex/latex/textcase\textcase.sty
Package: textcase 2022/07/10 v1.03 Text only upper/lower case changing (DPC)
Package textcase Info: Defining Legacy names on input line 20.
) (X:\MiKTeX\tex/latex/xfor\xfor.sty
Package: xfor 2009/02/05 v1.05 (NLCT)
) (X:\MiKTeX\tex/latex/datatool\datatool-base.sty
Package: datatool-base 2019/09/27 v2.32 (NLCT)

(X:\MiKTeX\tex/latex/substr\substr.sty
Package: substr 2009/10/20 v1.2 Handle substrings
\c@su@anzahl=\count471
)
(X:\MiKTeX\tex/latex/datatool\datatool-fp.sty
Package: datatool-fp 2019/09/27 v2.32 (NLCT)
 (X:\MiKTeX\tex/latex/fp\fp.sty
Package: fp 1995/04/02

`Fixed Point Package', Version 0.8, April 2, 1995 (C) Michael Mehlich
(X:\MiKTeX\tex/latex/fp\defpattern.sty
Package: defpattern 1994/10/12
\actioncount=\count472
) (X:\MiKTeX\tex/latex/fp\fp-basic.sty
Package: fp-basic 1996/05/13
\FP@xs=\count473
\FP@xia=\count474
\FP@xib=\count475
\FP@xfa=\count476
\FP@xfb=\count477
\FP@rega=\count478
\FP@regb=\count479
\FP@regs=\count480
\FP@times=\count481
)
(X:\MiKTeX\tex/latex/fp\fp-addons.sty
Package: fp-addons 1995/03/15
) (X:\MiKTeX\tex/latex/fp\fp-snap.sty
Package: fp-snap 1995/04/05
)
(X:\MiKTeX\tex/latex/fp\fp-exp.sty
Package: fp-exp 1995/04/03
) (X:\MiKTeX\tex/latex/fp\fp-trigo.sty
Package: fp-trigo 1995/04/14
)
(X:\MiKTeX\tex/latex/fp\fp-pas.sty
Package: fp-pas 1994/08/29
) (X:\MiKTeX\tex/latex/fp\fp-random.sty
Package: fp-random 1995/02/23
\FPseed=\count482
)
(X:\MiKTeX\tex/latex/fp\fp-eqn.sty
Package: fp-eqn 1995/04/03
) (X:\MiKTeX\tex/latex/fp\fp-upn.sty
Package: fp-upn 1996/10/21
)
(X:\MiKTeX\tex/latex/fp\fp-eval.sty
Package: fp-eval 1995/04/03
)))
\@dtl@toks=\toks34
\@dtl@tmpcount=\count483
\dtl@tmplength=\skip106
\dtl@sortresult=\count484
\@dtl@numgrpsepcount=\count485
\@dtl@datatype=\count486
\dtl@codeA=\count487
\dtl@codeB=\count488
\@dtl@foreach@level=\count489
)
(X:\MiKTeX\tex/latex/glossaries/base\glossaries-compatible-307.sty
Package: glossaries-compatible-307 2021/11/01 v4.49 (NLCT)
)
(X:\MiKTeX\tex/latex/tracklang\tracklang.sty
Package: tracklang 2020/06/30 v1.5 (NLCT) Track Languages

(X:\MiKTeX\tex/generic/tracklang\tracklang.tex))
\gls@level=\count490
\@gls@tmpb=\toks35
\gls@tmplen=\skip107
\glskeylisttok=\toks36
\glslabeltok=\toks37
\glsshorttok=\toks38
\glslongtok=\toks39

(X:\MiKTeX\tex/latex/glossaries/styles\glossary-hypernav.sty
Package: glossary-hypernav 2021/11/01 v4.49 (NLCT)
)
(X:\MiKTeX\tex/latex/glossaries/styles\glossary-list.sty
Package: glossary-list 2021/11/01 v4.49 (NLCT)
\glslistdottedwidth=\skip108
)
(X:\MiKTeX\tex/latex/glossaries/styles\glossary-long.sty
Package: glossary-long 2021/11/01 v4.49 (NLCT)

(X:\MiKTeX\tex/latex/tools\longtable.sty
Package: longtable 2021-09-01 v4.17 Multi-page Table package (DPC)
\LTleft=\skip109
\LTright=\skip110
\LTpre=\skip111
\LTpost=\skip112
\LTchunksize=\count491
\LTcapwidth=\dimen276
\LT@head=\box112
\LT@firsthead=\box113
\LT@foot=\box114
\LT@lastfoot=\box115
\LT@gbox=\box116
\LT@cols=\count492
\LT@rows=\count493
\c@LT@tables=\count494
\c@LT@chunks=\count495
\LT@p@ftn=\toks40
)
Class scrbook Info: longtable captions redefined on input line 43.
\glsdescwidth=\skip113
\glspagelistwidth=\skip114
)
(X:\MiKTeX\tex/latex/glossaries/styles\glossary-super.sty
Package: glossary-super 2021/11/01 v4.49 (NLCT)

(X:\MiKTeX\tex/latex/supertabular\supertabular.sty
Package: supertabular 2020/02/02 v4.1g the supertabular environment
\c@tracingst=\count496
\ST@wd=\dimen277
\ST@rightskip=\skip115
\ST@leftskip=\skip116
\ST@parfillskip=\skip117
\ST@pageleft=\dimen278
\ST@headht=\dimen279
\ST@tailht=\dimen280
\ST@pagesofar=\dimen281
\ST@pboxht=\dimen282
\ST@lineht=\dimen283
\ST@prevht=\dimen284
\ST@toadd=\dimen285
\ST@dimen=\dimen286
\ST@pbox=\box117
))
(X:\MiKTeX\tex/latex/glossaries/styles\glossary-tree.sty
Package: glossary-tree 2021/11/01 v4.49 (NLCT)
\glstreeindent=\skip118
))
(includes/glossary.tex)
\glswrite=\write4
\glo@main@file=\write5
\openout5 = `thesis.glo'.

Package glossaries Info: Writing glossary file thesis.glo on input line 98.
\glo@acronym@file=\write6
\openout6 = `thesis.acn'.

Package glossaries Info: Writing glossary file thesis.acn on input line 98.
 (X:\MiKTeX\tex/latex/hyperref\hyperref.sty
Package: hyperref 2022-06-20 v7.00s Hypertext links for LaTeX

(X:\MiKTeX\tex/generic/kvdefinekeys\kvdefinekeys.sty
Package: kvdefinekeys 2019-12-19 v1.6 Define keys (HO)
)
(X:\MiKTeX\tex/generic/pdfescape\pdfescape.sty
Package: pdfescape 2019/12/09 v1.15 Implements pdfTeX's escape features (HO)
)
(X:\MiKTeX\tex/latex/hycolor\hycolor.sty
Package: hycolor 2020-01-27 v1.10 Color options for hyperref/bookmark (HO)
)
(X:\MiKTeX\tex/latex/letltxmacro\letltxmacro.sty
Package: letltxmacro 2019/12/03 v1.6 Let assignment for LaTeX macros (HO)
)
(X:\MiKTeX\tex/latex/auxhook\auxhook.sty
Package: auxhook 2019-12-17 v1.6 Hooks for auxiliary files (HO)
)
(X:\MiKTeX\tex/latex/hyperref\nameref.sty
Package: nameref 2022-05-17 v2.50 Cross-referencing by name of section

(X:\MiKTeX\tex/latex/refcount\refcount.sty
Package: refcount 2019/12/15 v3.6 Data extraction from label references (HO)
)
(X:\MiKTeX\tex/generic/gettitlestring\gettitlestring.sty
Package: gettitlestring 2019/12/15 v1.6 Cleanup title references (HO)
)
\c@section@level=\count497
)
\@linkdim=\dimen287
\Hy@linkcounter=\count498
\Hy@pagecounter=\count499

(X:\MiKTeX\tex/latex/hyperref\pd1enc.def
File: pd1enc.def 2022-06-20 v7.00s Hyperref: PDFDocEncoding definition (HO)
)
(X:\MiKTeX\tex/generic/intcalc\intcalc.sty
Package: intcalc 2019/12/15 v1.3 Expandable calculations with integers (HO)
)
(X:\MiKTeX\tex/generic/etexcmds\etexcmds.sty
Package: etexcmds 2019/12/15 v1.7 Avoid name clashes with e-TeX commands (HO)
)
\Hy@SavedSpaceFactor=\count500

(X:\MiKTeX\tex/latex/hyperref\puenc.def
File: puenc.def 2022-06-20 v7.00s Hyperref: PDF Unicode definition (HO)
)
Package hyperref Info: Hyper figures OFF on input line 4162.
Package hyperref Info: Link nesting OFF on input line 4167.
Package hyperref Info: Hyper index ON on input line 4170.
Package hyperref Info: Plain pages OFF on input line 4177.
Package hyperref Info: Backreferencing OFF on input line 4182.
Package hyperref Info: Implicit mode ON; LaTeX internals redefined.
Package hyperref Info: Bookmarks ON on input line 4408.
\c@Hy@tempcnt=\count501
LaTeX Info: Redefining \url on input line 4746.
\XeTeXLinkMargin=\dimen288

(X:\MiKTeX\tex/generic/bitset\bitset.sty
Package: bitset 2019/12/09 v1.3 Handle bit-vector datatype (HO)

(X:\MiKTeX\tex/generic/bigintcalc\bigintcalc.sty
Package: bigintcalc 2019/12/15 v1.5 Expandable calculations on big integers (HO
)
))
\Fld@menulength=\count502
\Field@Width=\dimen289
\Fld@charsize=\dimen290
Package hyperref Info: Hyper figures OFF on input line 6024.
Package hyperref Info: Link nesting OFF on input line 6029.
Package hyperref Info: Hyper index ON on input line 6032.
Package hyperref Info: backreferencing OFF on input line 6039.
Package hyperref Info: Link coloring OFF on input line 6044.
Package hyperref Info: Link coloring with OCG OFF on input line 6049.
Package hyperref Info: PDF/A mode OFF on input line 6054.

(X:\MiKTeX\tex/latex/base\atbegshi-ltx.sty
Package: atbegshi-ltx 2021/01/10 v1.0c Emulation of the original atbegshi
package with kernel methods
)
\Hy@abspage=\count503
\c@Item=\count504
\c@Hfootnote=\count505
)
Package hyperref Info: Driver (autodetected): hxetex.

(X:\MiKTeX\tex/latex/hyperref\hxetex.def
File: hxetex.def 2022-06-20 v7.00s Hyperref driver for XeTeX

(X:\MiKTeX\tex/generic/stringenc\stringenc.sty
Package: stringenc 2019/11/29 v1.12 Convert strings between diff. encodings (HO
)
)
\pdfm@box=\box118
\c@Hy@AnnotLevel=\count506
\HyField@AnnotCount=\count507
\Fld@listcount=\count508
\c@bookmark@seq@number=\count509

(X:\MiKTeX\tex/latex/rerunfilecheck\rerunfilecheck.sty
Package: rerunfilecheck 2022-07-10 v1.10 Rerun checks for auxiliary files (HO)

(X:\MiKTeX\tex/latex/base\atveryend-ltx.sty
Package: atveryend-ltx 2020/08/19 v1.0a Emulation of the original atveryend pac
kage
with kernel methods
)
(X:\MiKTeX\tex/generic/uniquecounter\uniquecounter.sty
Package: uniquecounter 2019/12/15 v1.4 Provide unlimited unique counter (HO)
)
Package uniquecounter Info: New unique counter `rerunfilecheck' on input line 2
85.
)
\Hy@SectionHShift=\skip119
)
Package csquotes Info: Checking for multilingual support...
Package csquotes Info: ... found 'polyglossia' package.
 (thesis.aux
(includes/MA-titlepage.aux)
LaTeX Info: Redefining \rmfamily on input line 26.
LaTeX Info: Redefining \sffamily on input line 26.
LaTeX Info: Redefining \ttfamily on input line 26.
 (includes/abstract.aux)
(includes/acknowledgements.aux) (chapters/introduction.aux)

LaTeX Warning: Label `chap:introduction' multiply defined.


LaTeX Warning: Label `sec:sustainability' multiply defined.


LaTeX Warning: Label `fig:sustainGoals' multiply defined.


LaTeX Warning: Label `subsec:sustainabilityGoals' multiply defined.


LaTeX Warning: Label `subsec:nationalGoals' multiply defined.


LaTeX Warning: Label `sec:powerConsumption' multiply defined.

(chapters/relatedworks.aux)

LaTeX Warning: Label `chap:relatedworks' multiply defined.


LaTeX Warning: Label `sec:co2works' multiply defined.


LaTeX Warning: Label `tab:scopes' multiply defined.


LaTeX Warning: Label `sec:potential' multiply defined.

(chapters/fundamentals.aux)

LaTeX Warning: Label `chap:fundamentals' multiply defined.


LaTeX Warning: Label `sec:vflux' multiply defined.


LaTeX Warning: Label `tab:en50160' multiply defined.


LaTeX Warning: Label `sec:current' multiply defined.


LaTeX Warning: Label `fig:lcs_block' multiply defined.

(chapters/methods.aux)

LaTeX Warning: Label `chap:methods' multiply defined.


LaTeX Warning: Label `tab:allnet_data' multiply defined.


LaTeX Warning: Label `lst:allnet_rest' multiply defined.


LaTeX Warning: Label `fig:xml_data' multiply defined.


LaTeX Warning: Label `tab:counts' multiply defined.


LaTeX Warning: Label `db_tables' multiply defined.


LaTeX Warning: Label `fig:information_flow_producer' multiply defined.


LaTeX Warning: Label `fig:information_flow_consumer' multiply defined.


LaTeX Warning: Label `tab:movinghead' multiply defined.


LaTeX Warning: Label `lst:eval' multiply defined.


LaTeX Warning: Label `tab:result' multiply defined.


LaTeX Warning: Label `sec:metrics' multiply defined.


LaTeX Warning: Label `subsec:idle' multiply defined.

(chapters/results.aux)

LaTeX Warning: Label `chap:results' multiply defined.


LaTeX Warning: Label `eq:max' multiply defined.


LaTeX Warning: Label `eq:avg' multiply defined.


LaTeX Warning: Label `tab:PCMon' multiply defined.


LaTeX Warning: Label `tab:devices' multiply defined.


LaTeX Warning: Label `subsec:insights' multiply defined.


LaTeX Warning: Label `sec:visuals' multiply defined.


LaTeX Warning: Label `fig:util_hm' multiply defined.


LaTeX Warning: Label `subsec:RPMT' multiply defined.

(chapters/discussion.aux)

LaTeX Warning: Label `chap:discussion' multiply defined.


LaTeX Warning: Label `sec:datadisscussion' multiply defined.

(includes/eidesstattlicheErklaerung.aux))
\openout1 = `thesis.aux'.

LaTeX Font Info:    Checking defaults for OML/cmm/m/it on input line 125.
LaTeX Font Info:    ... okay on input line 125.
LaTeX Font Info:    Checking defaults for OMS/cmsy/m/n on input line 125.
LaTeX Font Info:    ... okay on input line 125.
LaTeX Font Info:    Checking defaults for OT1/cmr/m/n on input line 125.
LaTeX Font Info:    ... okay on input line 125.
LaTeX Font Info:    Checking defaults for T1/cmr/m/n on input line 125.
LaTeX Font Info:    ... okay on input line 125.
LaTeX Font Info:    Checking defaults for TS1/cmr/m/n on input line 125.
LaTeX Font Info:    Trying to load font information for TS1+cmr on input line 1
25.
 (X:\MiKTeX\tex/latex/base\ts1cmr.fd
File: ts1cmr.fd 2019/12/16 v2.5j Standard LaTeX font definitions
)
LaTeX Font Info:    ... okay on input line 125.
LaTeX Font Info:    Checking defaults for TU/lmr/m/n on input line 125.
LaTeX Font Info:    ... okay on input line 125.
LaTeX Font Info:    Checking defaults for OMX/cmex/m/n on input line 125.
LaTeX Font Info:    ... okay on input line 125.
LaTeX Font Info:    Checking defaults for U/cmr/m/n on input line 125.
LaTeX Font Info:    ... okay on input line 125.
LaTeX Font Info:    Checking defaults for PD1/pdf/m/n on input line 125.
LaTeX Font Info:    ... okay on input line 125.
LaTeX Font Info:    Checking defaults for PU/pdf/m/n on input line 125.
LaTeX Font Info:    ... okay on input line 125.
Package scrbase Info: activating english \partname on input line 125.
Package scrbase Info: activating english \chaptername on input line 125.
Package scrbase Info: activating english \appendixname on input line 125.
Package scrbase Info: activating english \figurename on input line 125.
Package scrbase Info: activating english \tablename on input line 125.
Package scrbase Info: activating english \contentsname on input line 125.
Package scrbase Info: activating english \listfigurename on input line 125.
Package scrbase Info: activating english \listtablename on input line 125.
Package scrbase Info: activating english \bibname on input line 125.
Package scrbase Info: activating english \indexname on input line 125.
The property list \__xpg_alias contains the pairs (without outer braces):
>  {latex/target}  =>  {latex}
>  {english/target}  =>  {english}
>  {en/target}  =>  {english}
>  {en-AU/target}  =>  {english}
>  {en-AU/variant}  =>  {australian}
>  {en-AU/options}  =>  {variant=australian}
>  {en-CA/target}  =>  {english}
>  {en-CA/variant}  =>  {canadian}
>  {en-CA/options}  =>  {variant=canadian}
>  {en-GB/target}  =>  {english}
>  {en-GB/variant}  =>  {british}
>  {en-GB/options}  =>  {variant=british}
>  {en-NZ/target}  =>  {english}
>  {en-NZ/variant}  =>  {newzealand}
>  {en-NZ/options}  =>  {variant=newzealand}
>  {en-US/target}  =>  {english}
>  {en-US/variant}  =>  {us}
>  {en-US/options}  =>  {variant=us}
>  {american/target}  =>  {english}
>  {american/variant}  =>  {us}
>  {american/options}  =>  {variant=us}
>  {australian/target}  =>  {english}
>  {australian/variant}  =>  {australian}
>  {australian/options}  =>  {variant=australian}
>  {british/target}  =>  {english}
>  {british/variant}  =>  {british}
>  {british/options}  =>  {variant=british}
>  {canadian/target}  =>  {english}
>  {canadian/variant}  =>  {canadian}
>  {canadian/options}  =>  {variant=canadian}
>  {newzealand/target}  =>  {english}
>  {newzealand/variant}  =>  {newzealand}
>  {newzealand/options}  =>  {variant=newzealand}.
Package biblatex Info: Trying to load language 'american'...
Package biblatex Info: ... file 'american.lbx' found.

(X:\MiKTeX\tex/latex/biblatex/lbx\american.lbx
File: american.lbx 2022/07/12 v3.18b biblatex localization (PK/MW)
Package biblatex Info: Trying to load language 'english'...
Package biblatex Info: ... file 'english.lbx' found.

(X:\MiKTeX\tex/latex/biblatex/lbx\english.lbx
File: english.lbx 2022/07/12 v3.18b biblatex localization (PK/MW)
)
Package biblatex Info: Trying to load language 'english'...
Package biblatex Info: ... file 'english.lbx' found.

(X:\MiKTeX\tex/latex/biblatex/lbx\english.lbx
File: english.lbx 2022/07/12 v3.18b biblatex localization (PK/MW)
))
Package biblatex Info: XeTeX detected.
(biblatex)             Assuming input encoding 'utf8'.
Package biblatex Info: Automatic encoding selection.
(biblatex)             Assuming data encoding 'utf8'.
\openout3 = `thesis.bcf'.

Package biblatex Info: Trying to load bibliographic data...
Package biblatex Info: ... file 'thesis.bbl' found.
 (thesis.bbl)
Package biblatex Info: Reference section=0 on input line 125.
Package biblatex Info: Reference segment=0 on input line 125.
\c@lstlisting=\count510
Package caption Info: Begin \AtBeginDocument code.
Package caption Info: hyperref package is loaded.
Package caption Info: longtable package is loaded.

(X:\MiKTeX\tex/latex/caption\ltcaption.sty
Package: ltcaption 2021/01/08 v1.4c longtable captions (AR)
)
Package caption Info: supertabular package is loaded.
Package caption Info: End \AtBeginDocument code.

(X:\MiKTeX\tex/latex/pdflscape\pdflscape.sty
Package: pdflscape 2019/12/05 v0.12 Display of landscape pages in PDF (HO)

(X:\MiKTeX\tex/latex/graphics\lscape.sty
Package: lscape 2020/05/28 v3.02 Landscape Pages (DPC)
)
Package pdflscape Info: Auto-detected driver: dvipdfm (xetex) on input line 98.

)
Package hyperref Info: Link coloring OFF on input line 125.
 (thesis.out) (thesis.out)
\@outlinefile=\write7
\openout7 = `thesis.out'.

Class scrbook Info: loading recommended package `bookmark'.
(scrbook)           Using `bookmark' together with `hyperref' is recommended,
(scrbook)           because of handling of possible bookmark level gaps.
(scrbook)           You can avoid loading `bookmark' with KOMA-Script option
(scrbook)           `bookmarkpackage=false' before \begin{document} and
(scrbook)           you can avoid this message adding:
(scrbook)             \usepackage{bookmark}
(scrbook)           before \begin{document} on input line 125.

(X:\MiKTeX\tex/latex/bookmark\bookmark.sty
Package: bookmark 2020-11-06 v1.29 PDF bookmarks (HO)

(X:\MiKTeX\tex/latex/bookmark\bkm-dvipdfm.def
File: bkm-dvipdfm.def 2020-11-06 v1.29 bookmark driver for dvipdfm (HO)
\BKM@id=\count511
))
LaTeX Info: Redefining \rmfamily on input line 125.
LaTeX Info: Redefining \sffamily on input line 125.
LaTeX Info: Redefining \ttfamily on input line 125.
\openout2 = `includes/MA-titlepage.aux'.

 (includes/MA-titlepage.tex
File: images//uni-logo.png Graphic file (type bmp)
<images//uni-logo.png>
File: images/atos_logo.png Graphic file (type bmp)
<images/atos_logo.png>
LaTeX Info: Redefining \rmfamily on input line 16.
LaTeX Info: Redefining \sffamily on input line 16.
LaTeX Info: Redefining \ttfamily on input line 16.
File: images/atos_logo.png Graphic file (type bmp)
<images/atos_logo.png>

[1

\openout4 = `thesis.ist'.





]) (thesis.toc
LaTeX Info: Redefining \rmfamily on input line 1.
LaTeX Info: Redefining \sffamily on input line 1.
LaTeX Info: Redefining \ttfamily on input line 1.
 [2




] [3])
\tf@toc=\write8
\openout8 = `thesis.toc'.

 [4]
\openout2 = `includes/abstract.aux'.

 (includes/abstract.tex) [5



]
\openout2 = `includes/acknowledgements.aux'.


(includes/acknowledgements.tex) [6





] (thesis.lof
LaTeX Info: Redefining \rmfamily on input line 1.
LaTeX Info: Redefining \sffamily on input line 1.
LaTeX Info: Redefining \ttfamily on input line 1.
 [7






])
\tf@lof=\write9
\openout9 = `thesis.lof'.

 [8] (thesis.lot
LaTeX Info: Redefining \rmfamily on input line 1.
LaTeX Info: Redefining \sffamily on input line 1.
LaTeX Info: Redefining \ttfamily on input line 1.
)
\tf@lot=\write10
\openout10 = `thesis.lot'.

 [9




]
[10]

Class scrbook Warning: \float@listhead detected!
(scrbook)              Implementation of \float@listhead became
(scrbook)              deprecated in KOMA-Script v3.01 2008/11/14 and
(scrbook)              has been replaced by several more flexible
(scrbook)              features of package `tocbasic`.
(scrbook)              Maybe implementation of \float@listhead will
(scrbook)              be removed from KOMA-Script soon.
(scrbook)              Loading of package `scrhack' may help to
(scrbook)              avoid this warning, if you are using a
(scrbook)              a package that still implements the
(scrbook)              deprecated \float@listhead interface on input line 158.

(thesis.lol)
\tf@lol=\write11
\openout11 = `thesis.lol'.

 [11




]
\openout2 = `chapters/introduction.aux'.

 (chapters/introduction.tex
chapter 1.

Class scrbook Warning: \float@addtolists detected!
(scrbook)              Implementation of \float@addtolist became
(scrbook)              deprecated in KOMA-Script v3.01 2008/11/14 and
(scrbook)              has been replaced by several more flexible
(scrbook)              features of package `tocbasic`.
(scrbook)              Since Version 3.12 support for deprecated
(scrbook)              \float@addtolist interface has been
(scrbook)              restricted to only some of the KOMA-Script
(scrbook)              features and been removed from others.
(scrbook)              Loading of package `scrhack' may help to
(scrbook)              avoid this warning, if you are using a
(scrbook)              a package that still implements the
(scrbook)              deprecated \float@addtolist interface.

File: images/kacheln-the-global-goals.jpg Graphic file (type bmp)
<images/kacheln-the-global-goals.jpg>

LaTeX Warning: `!h' float specifier changed to `!ht'.


Overfull \hbox (1.61713pt too wide) in alignment at lines 16--27
[][][][]
 []

! Missing number, treated as zero.
<to be read again> 
                   W
l.29 W
      hile providing good paying jobs through less physically intensive work...
A number should have been here; I inserted `0'.
(If you can't figure out why I needed to see a number,
look up `weird error' in the index to The TeXbook.)

! Illegal unit of measure (pt inserted).
<to be read again> 
                   W
l.29 W
      hile providing good paying jobs through less physically intensive work...
Dimensions can be in units of em, ex, in, pt, pc,
cm, mm, dd, cc, bp, or sp; but yours is a new one!
I'll assume that you meant to say pt, for printer's points.
To recover gracefully from this error, it's best to
delete the erroneous units; e.g., type `2' to delete
two letters. (See Chapter 27 of The TeXbook.)

[1




]
File: images//GOAL_7_TARGET_7.3.png Graphic file (type bmp)
<images//GOAL_7_TARGET_7.3.png>
File: images//GOAL_7_TARGET_7.3.png Graphic file (type bmp)
<images//GOAL_7_TARGET_7.3.png>
File: images//GOAL_9_TARGET_9.C.png Graphic file (type bmp)
<images//GOAL_9_TARGET_9.C.png>
File: images//GOAL_9_TARGET_9.C.png Graphic file (type bmp)
<images//GOAL_9_TARGET_9.C.png>
File: images//GOAL_11_TARGET_11.6.png Graphic file (type bmp)
<images//GOAL_11_TARGET_11.6.png>
File: images//GOAL_11_TARGET_11.6.png Graphic file (type bmp)
<images//GOAL_11_TARGET_11.6.png>
File: images//GOAL_12_TARGET_12.6.png Graphic file (type bmp)
<images//GOAL_12_TARGET_12.6.png>
File: images//GOAL_12_TARGET_12.6.png Graphic file (type bmp)
<images//GOAL_12_TARGET_12.6.png>
File: images//GOAL_12_TARGET_12.8.png Graphic file (type bmp)
<images//GOAL_12_TARGET_12.8.png>
File: images//GOAL_12_TARGET_12.8.png Graphic file (type bmp)
<images//GOAL_12_TARGET_12.8.png>
File: images//GOAL_13_TARGET_13.3.png Graphic file (type bmp)
<images//GOAL_13_TARGET_13.3.png>
File: images//GOAL_13_TARGET_13.3.png Graphic file (type bmp)
<images//GOAL_13_TARGET_13.3.png>
 [2] [3] [4]) [5]
\openout2 = `chapters/relatedworks.aux'.

 (chapters/relatedworks.tex
chapter 2.

LaTeX Warning: Reference `sec:officedata' on page 6 undefined on input line 2.


LaTeX Warning: Reference `subsec:software' on page 6 undefined on input line 5.


[6





]

LaTeX Warning: Reference `subsec:footprint' on page 7 undefined on input line 1
0.

[7])
Underfull \hbox (badness 10000) in paragraph at lines 31--167

 []

[8] [9]
\openout2 = `chapters/fundamentals.aux'.

 (chapters/fundamentals.tex
chapter 3.

LaTeX Warning: Reference `sec:measurement' on page 10 undefined on input line 2
.


LaTeX Warning: Reference `eq:electric formula' on page 10 undefined on input li
ne 5.

[10





]

LaTeX Warning: Reference `eq:electric formula' on page 11 undefined on input li
ne 37.

[11]

LaTeX Warning: Reference `fig:hall_sensor_block' on page 12 undefined on input 
line 42.


LaTeX Warning: Reference `eq:hall_formula' on page 12 undefined on input line 4
2.

[12]

LaTeX Warning: Reference `eq:hall_formula_rearranged' on page 13 undefined on i
nput line 47.

File: images/hall_sensor2.png Graphic file (type bmp)
<images/hall_sensor2.png>
File: images/lcs_block_diagram.png Graphic file (type bmp)
<images/lcs_block_diagram.png>
[13] [14] [15])
\openout2 = `chapters/methods.aux'.

 (chapters/methods.tex
chapter 4.

LaTeX Warning: Reference `subsec:hardware' on page 16 undefined on input line 2
.


LaTeX Warning: Reference `subsec:software' on page 16 undefined on input line 2
.


LaTeX Warning: Reference `subsec:hardware' on page 16 undefined on input line 6
.


LaTeX Warning: Reference `subsec:software' on page 16 undefined on input line 6
.


LaTeX Warning: Reference `fig:schema' on page 16 undefined on input line 9.

File: images/room_schematic.png Graphic file (type bmp)
<images/room_schematic.png>
[16






] [17] (X:\MiKTeX\tex/latex/listings\lstlang1.sty
File: lstlang1.sty 2020/03/24 1.8d listings language file
)
Package hyperref Info: bookmark level for unknown lstlisting defaults to 0 on i
nput line 52.
 [18] [19]
(X:\MiKTeX\tex/latex/listings\lstlang1.sty
File: lstlang1.sty 2020/03/24 1.8d listings language file
)
(X:\MiKTeX\tex/latex/listings\lstmisc.sty
File: lstmisc.sty 2020/03/24 1.8d (Carsten Heinz)
)

LaTeX Warning: Reference `subsec:software' on page 20 undefined on input line 9
6.

[20]

LaTeX Warning: Reference `tab:access' on page 21 undefined on input line 149.


LaTeX Warning: Reference `subsec:software' on page 21 undefined on input line 1
49.


LaTeX Warning: Reference `subsec:software' on page 21 undefined on input line 1
50.


LaTeX Warning: Reference `fig:docker_overview' on page 21 undefined on input li
ne 165.

File: images/Docker_Services_Overview.png Graphic file (type bmp)
<images/Docker_Services_Overview.png>
[21] [22] [23]
Overfull \hbox (7.54512pt too wide) in paragraph at lines 174--184
[] 
 []


Underfull \hbox (badness 10000) in paragraph at lines 174--184

 []

[24] [25] [26]
File: images/diagram.png Graphic file (type bmp)
<images/diagram.png>
 [27]
File: images/producer_flow.png Graphic file (type bmp)
<images/producer_flow.png>
File: images/consumer_flow.png Graphic file (type bmp)
<images/consumer_flow.png>
 [28] [29] (X:\MiKTeX\tex/latex/listings\lstlang1.sty
File: lstlang1.sty 2020/03/24 1.8d listings language file
)

LaTeX Warning: Reference `eq:idle' on page 30 undefined on input line 268.

[30]

LaTeX Warning: Reference `fig:wwcr' on page 31 undefined on input line 274.

File: images/wwcr_plot.png Graphic file (type bmp)
<images/wwcr_plot.png>

LaTeX Warning: Reference `eq:wwcr' on page 31 undefined on input line 280.

[31]) [32] [33] [34]
\openout2 = `chapters/results.aux'.

 (chapters/results.tex
chapter 5.

LaTeX Warning: Reference `sec:results' on page 35 undefined on input line 3.


LaTeX Warning: Reference `subsec:result_tables' on page 35 undefined on input l
ine 3.


LaTeX Warning: Reference `subsec:software' on page 35 undefined on input line 5
.


LaTeX Warning: Reference `subsec:result_tables' on page 35 undefined on input l
ine 5.


LaTeX Warning: Reference `eq:min' on page 35 undefined on input line 5.

[35





]

LaTeX Warning: Reference `tab:user1' on page 36 undefined on input line 19.


LaTeX Warning: Float too large for page by 26.99931pt on input line 70.


LaTeX Warning: Reference `tab:sensor' on page 36 undefined on input line 71.


LaTeX Warning: Reference `tab:sensor_cont' on page 36 undefined on input line 7
1.


Overfull \hbox (52.70116pt too wide) in paragraph at lines 75--102
 [][] 
 []


LaTeX Warning: Reference `tab:sensor_cont' on page 36 undefined on input line 1
02.


LaTeX Warning: Reference `tab:sensor_cont' on page 36 undefined on input line 1
02.


Overfull \hbox (2.44514pt too wide) in paragraph at lines 107--122
 [][] 
 []


LaTeX Warning: Reference `tab:sensor' on page 36 undefined on input line 122.


LaTeX Warning: Reference `tab:sensor' on page 36 undefined on input line 122.


LaTeX Warning: Reference `tab:multi_wp' on page 36 undefined on input line 125.



LaTeX Warning: Reference `tab:dual_workplace' on page 36 undefined on input lin
e 125.


LaTeX Warning: Reference `tab:singleworkplace' on page 36 undefined on input li
ne 125.


LaTeX Warning: Reference `tab:singleworkplace' on page 36 undefined on input li
ne 125.


Underfull \hbox (badness 10000) in paragraph at lines 202--221
[][]
 []

[36]

LaTeX Warning: `h' float specifier changed to `ht'.


LaTeX Warning: `h' float specifier changed to `ht'.

[37] [38] [39]

LaTeX Warning: `h' float specifier changed to `ht'.


LaTeX Warning: `h' float specifier changed to `ht'.


LaTeX Warning: `h' float specifier changed to `ht'.

[40] [41]

LaTeX Warning: `h' float specifier changed to `ht'.


LaTeX Warning: `h' float specifier changed to `ht'.


LaTeX Warning: Reference `eq:idle' on page 42 undefined on input line 301.


LaTeX Warning: Reference `tab:idle' on page 42 undefined on input line 301.

[42] [43]

LaTeX Warning: Reference `fig:user_comparison' on page 44 undefined on input li
ne 396.


LaTeX Warning: Reference `fig:user_comparison' on page 44 undefined on input li
ne 396.


LaTeX Warning: Reference `subsec:result_tables' on page 44 undefined on input l
ine 397.


LaTeX Warning: Reference `tab:user1' on page 44 undefined on input line 397.


LaTeX Warning: Reference `fig:office_consumption' on page 44 undefined on input
 line 398.


LaTeX Warning: Reference `fig:pc_hm' on page 44 undefined on input line 398.


LaTeX Warning: Reference `fig:mon_hm' on page 44 undefined on input line 398.


LaTeX Warning: Reference `fig:printer_hm' on page 44 undefined on input line 39
8.

! Missing number, treated as zero.
<to be read again> 
                   \protect 
l.399 \begin
            {figure}[ht]
A number should have been here; I inserted `0'.
(If you can't figure out why I needed to see a number,
look up `weird error' in the index to The TeXbook.)

! Illegal unit of measure (pt inserted).
<to be read again> 
                   \protect 
l.399 \begin
            {figure}[ht]
Dimensions can be in units of em, ex, in, pt, pc,
cm, mm, dd, cc, bp, or sp; but yours is a new one!
I'll assume that you meant to say pt, for printer's points.
To recover gracefully from this error, it's best to
delete the erroneous units; e.g., type `2' to delete
two letters. (See Chapter 27 of The TeXbook.)

File: images/heatmaps/user_1_wholeday_cal.png Graphic file (type bmp)
<images/heatmaps/user_1_wholeday_cal.png>
File: images/heatmaps/user_1_workday_cal.png Graphic file (type bmp)
<images/heatmaps/user_1_workday_cal.png>
File: images/heatmaps/user_2_wholeday_cal.png Graphic file (type bmp)
<images/heatmaps/user_2_wholeday_cal.png>
File: images/heatmaps/user_2_workday_cal.png Graphic file (type bmp)
<images/heatmaps/user_2_workday_cal.png>
File: images/heatmaps/user_3_wholeday_cal.png Graphic file (type bmp)
<images/heatmaps/user_3_wholeday_cal.png>
File: images/heatmaps/user_3_workday_cal.png Graphic file (type bmp)
<images/heatmaps/user_3_workday_cal.png>
File: images/heatmaps/user_4_wholeday_cal.png Graphic file (type bmp)
<images/heatmaps/user_4_wholeday_cal.png>
File: images/heatmaps/user_4_workday_cal.png Graphic file (type bmp)
<images/heatmaps/user_4_workday_cal.png>
File: images/heatmaps/user_5_wholeday_cal.png Graphic file (type bmp)
<images/heatmaps/user_5_wholeday_cal.png>
File: images/heatmaps/user_5_workday_cal.png Graphic file (type bmp)
<images/heatmaps/user_5_workday_cal.png>
File: images/heatmaps/user_6_wholeday_cal.png Graphic file (type bmp)
<images/heatmaps/user_6_wholeday_cal.png>
File: images/heatmaps/user_6_workday_cal.png Graphic file (type bmp)
<images/heatmaps/user_6_workday_cal.png>
File: images/heatmaps/user_7_wholeday_cal.png Graphic file (type bmp)
<images/heatmaps/user_7_wholeday_cal.png>
File: images/heatmaps/user_7_workday_cal.png Graphic file (type bmp)
<images/heatmaps/user_7_workday_cal.png>
File: images/heatmaps/user_8_wholeday_cal.png Graphic file (type bmp)
<images/heatmaps/user_8_wholeday_cal.png>
File: images/heatmaps/user_8_workday_cal.png Graphic file (type bmp)
<images/heatmaps/user_8_workday_cal.png>
File: images/heatmaps/user_9_wholeday_cal.png Graphic file (type bmp)
<images/heatmaps/user_9_wholeday_cal.png>
File: images/heatmaps/user_9_workday_cal.png Graphic file (type bmp)
<images/heatmaps/user_9_workday_cal.png>
File: images/heatmaps/user_10_wholeday_cal.png Graphic file (type bmp)
<images/heatmaps/user_10_wholeday_cal.png>
File: images/heatmaps/user_10_workday_cal.png Graphic file (type bmp)
<images/heatmaps/user_10_workday_cal.png>
File: images/heatmaps/user_11_wholeday_cal.png Graphic file (type bmp)
<images/heatmaps/user_11_wholeday_cal.png>
File: images/heatmaps/user_11_workday_cal.png Graphic file (type bmp)
<images/heatmaps/user_11_workday_cal.png>
File: images/heatmaps/user_12_wholeday_cal.png Graphic file (type bmp)
<images/heatmaps/user_12_wholeday_cal.png>
File: images/heatmaps/user_12_workday_cal.png Graphic file (type bmp)
<images/heatmaps/user_12_workday_cal.png>
File: images/heatmaps/user_13_wholeday_cal.png Graphic file (type bmp)
<images/heatmaps/user_13_wholeday_cal.png>
File: images/heatmaps/user_13_workday_cal.png Graphic file (type bmp)
<images/heatmaps/user_13_workday_cal.png>
File: images/heatmaps/user_14_wholeday_cal.png Graphic file (type bmp)
<images/heatmaps/user_14_wholeday_cal.png>
File: images/heatmaps/user_14_workday_cal.png Graphic file (type bmp)
<images/heatmaps/user_14_workday_cal.png>
File: images/heatmaps/user_15_wholeday_cal.png Graphic file (type bmp)
<images/heatmaps/user_15_wholeday_cal.png>
File: images/heatmaps/user_15_workday_cal.png Graphic file (type bmp)
<images/heatmaps/user_15_workday_cal.png>

LaTeX Warning: Float too large for page by 15.36038pt on input line 433.


LaTeX Warning: Reference `fig:office_consumption' on page 44 undefined on input
 line 434.

File: images/heatmaps/workday_cal.png Graphic file (type bmp)
<images/heatmaps/workday_cal.png>
File: images//workday_cal_edit2.png Graphic file (type bmp)
<images//workday_cal_edit2.png>
File: images/heatmaps/devicetype_PC_workday_cal.png Graphic file (type bmp)
<images/heatmaps/devicetype_PC_workday_cal.png>

LaTeX Warning: Reference `fig:pc_hm' on page 44 undefined on input line 449.


LaTeX Warning: Reference `fig:mon_hm' on page 44 undefined on input line 449.

File: images/heatmaps/devicetype_Monitor_workday_cal.png Graphic file (type bmp
)
<images/heatmaps/devicetype_Monitor_workday_cal.png>
File: images/heatmaps/devicetype_Printer_workday_cal.png Graphic file (type bmp
)
<images/heatmaps/devicetype_Printer_workday_cal.png>
[44] [45]
File: images/heatmaps/devicetype_Utility_workday_cal.png Graphic file (type bmp
)
<images/heatmaps/devicetype_Utility_workday_cal.png>


LaTeX Warning: Reference `subsec:software' on page 46 undefined on input line 4
73.


LaTeX Warning: Reference `fig:dashboard' on page 46 undefined on input line 473
.


LaTeX Warning: Reference `tab:access' on page 46 undefined on input line 474.


LaTeX Warning: Reference `subsec:hardware' on page 46 undefined on input line 4
74.

File: images/RPMT.png Graphic file (type bmp)
<images/RPMT.png>
)

LaTeX Warning: `h' float specifier changed to `ht'.

[46] [47] [48] [49] [50] [51] [52] [53]
\openout2 = `chapters/discussion.aux'.

 (chapters/discussion.tex
chapter 6.
[54





] [55] [56]

LaTeX Warning: Reference `fig:user_comparison' on page 57 undefined on input li
ne 24.

[57] [58]) [59] (thesis.acr) (thesis.gls [60






]
Overfull \hbox (1.80644pt too wide) in paragraph at lines 14--14
[]\TU/lmr/m/n/12 Is a complex attribute of various needs and activities of huma
nity. Broadly
 []

) [61




]
chapter without number

Overfull \hbox (7.9188pt too wide) in paragraph at lines 188--188
[]\TU/lmr/m/n/12 atmosfair. \TU/lmr/m/it/12 Paris aligned annual carbon budget\
TU/lmr/m/n/12 . 2022. \TU/lmr/m/sc/12 url\TU/lmr/m/n/12 : []$[][][][][] [] [] [
] [][][] [] [][][][][][][][][] []
 []

[62




] [63]
Overfull \hbox (41.74788pt too wide) in paragraph at lines 188--188
\TU/lmr/m/n/12 p. 20150813. \TU/lmr/m/sc/12 doi\TU/lmr/m/n/12 : []$[][] [] [][]
[][] [] [][][][] [] [][][][] [] [][][][]$[]. eprint: []$[][][][][] [] [] [] [][
][][][][][][][][][][][][][][][][][][][][] []
 []


Overfull \hbox (16.33888pt too wide) in paragraph at lines 188--188
[][][] [] [][][] [] [][][] [] [][] [] [][][][] [] [][][][] [] [][][][] [] [][][
][]$[]\TU/lmr/m/n/12 . \TU/lmr/m/sc/12 url\TU/lmr/m/n/12 : []$[][][][][] [] [] 
[] [][][][][][][][][][][][][][][][][][][][][][] []
 []

[64]
Overfull \hbox (16.25285pt too wide) in paragraph at lines 188--188
[]\TU/lmr/m/n/12 Umweltbundesamt. \TU/lmr/m/it/12 Emissionen von Wrmekraftwerk
en und anderen Verbrennungsan-
 []


Overfull \hbox (17.03072pt too wide) in paragraph at lines 188--188
\TU/lmr/m/it/12 lagen\TU/lmr/m/n/12 . 2022. \TU/lmr/m/sc/12 url\TU/lmr/m/n/12 :
 []$[][][][][] [] [] [] [][][] [] [][][][][][][][][][][][][][][] [] [][] [] [][
][][][] [] [][][][][][][] [] [][][][][][][][][][] [][]
 []


Overfull \hbox (91.91644pt too wide) in paragraph at lines 188--188
[][][] [][] [][][][][][][][][][][][][][][][][] [][] [][][][][][][] [] [][][] []
[] [][][][][][][][][][][][][][][][][][][][][][] [][] [][][] [][] [][][][][][][]
[][][][][][][][][][][][][] [][]
 []


Overfull \hbox (53.00694pt too wide) in paragraph at lines 188--188
[]\TU/lmr/m/n/12 Umweltbundesamt. \TU/lmr/m/it/12 Nationale Treibhausgas Invent
ur\TU/lmr/m/n/12 . \TU/lmr/m/sc/12 url\TU/lmr/m/n/12 : []$[][][][][] [] [] [] [
][][] [] [][][][][][][][][][][][][][][] []
 []


Overfull \hbox (49.32314pt too wide) in paragraph at lines 188--188
[]\TU/lmr/m/n/12 United Nations Voluntary National Review 2021. \TU/lmr/m/sc/12
 url\TU/lmr/m/n/12 : []$[][][][][] [] [] [] [][][][][][][][][][][][][][][][][][
][][][][] []
 []


Overfull \hbox (12.51498pt too wide) in paragraph at lines 188--188
[]\TU/lmr/m/n/12 Sebastian Wilhelm. \TU/lmr/m/sc/12 url\TU/lmr/m/n/12 : []$[][]
[][][] [] [] [] [][][][][][] [] [][][] [] [][][][][][][] [] [][][][][][][][][][
][][][][][][][][][][][][]$[]
 []

[65] [66]
\openout2 = `includes/eidesstattlicheErklaerung.aux'.

 (includes/eidesstattlicheErklaerung.tex
chapter without number
) [67



]
The property list \polyglossia@langsetup contains the pairs (without outer
braces):
>  {latex/script}  =>  {latin}
>  {latex/lcscript}  =>  {latin}
>  {latex/scripttag}  =>  {}
>  {latex/language}  =>  {Latex}
>  {latex/langtag}  =>  {ENG}
>  {latex/bcp47}  =>  {}
>  {latex/hyphennames}  =>  {english}
>  {latex/direction}  =>  {LR}
>  {latex/hyphenmins}  =>  {2,3}
>  {latex/frenchspacing}  =>  {false}
>  {latex/indentfirst}  =>  {false}
>  {latex/fontsetup}  =>  {true}
>  {latex/envname}  =>  {latex}
>  {latex/babelname}  =>  {latex}
>  {latex/localnumeral}  =>  {polyglossia@C@localnumeral}
>  {latex/Localnumeral}  =>  {polyglossia@C@localnumeral}
>  {latex/DefineCommandsCmd}  =>  {use_none:n}
>  {english/script}  =>  {latin}
>  {english/lcscript}  =>  {latin}
>  {english/scripttag}  =>  {}
>  {english/language}  =>  {English}
>  {english/langtag}  =>  {ENG}
>  {english/bcp47}  =>  {en-US}
>  {english/hyphennames}  =>  {english,american,usenglish,USenglish}
>  {english/direction}  =>  {LR}
>  {english/hyphenmins}  =>  {2,3}
>  {english/frenchspacing}  =>  {false}
>  {english/indentfirst}  =>  {false}
>  {english/fontsetup}  =>  {true}
>  {english/envname}  =>  {english}
>  {english/babelname}  =>  {american}
>  {english/localnumeral}  =>  {polyglossia@C@localnumeral}
>  {english/Localnumeral}  =>  {polyglossia@C@localnumeral}
>  {english/DefineCommandsCmd}  =>  {xpg_define_language_commands:e}.
The property list \__xpg_alias contains the pairs (without outer braces):
>  {latex/target}  =>  {latex}
>  {english/target}  =>  {english}
>  {en/target}  =>  {english}
>  {en-AU/target}  =>  {english}
>  {en-AU/variant}  =>  {australian}
>  {en-AU/options}  =>  {variant=australian}
>  {en-CA/target}  =>  {english}
>  {en-CA/variant}  =>  {canadian}
>  {en-CA/options}  =>  {variant=canadian}
>  {en-GB/target}  =>  {english}
>  {en-GB/variant}  =>  {british}
>  {en-GB/options}  =>  {variant=british}
>  {en-NZ/target}  =>  {english}
>  {en-NZ/variant}  =>  {newzealand}
>  {en-NZ/options}  =>  {variant=newzealand}
>  {en-US/target}  =>  {english}
>  {en-US/variant}  =>  {us}
>  {en-US/options}  =>  {variant=us}
>  {american/target}  =>  {english}
>  {american/variant}  =>  {us}
>  {american/options}  =>  {variant=us}
>  {australian/target}  =>  {english}
>  {australian/variant}  =>  {australian}
>  {australian/options}  =>  {variant=australian}
>  {british/target}  =>  {english}
>  {british/variant}  =>  {british}
>  {british/options}  =>  {variant=british}
>  {canadian/target}  =>  {english}
>  {canadian/variant}  =>  {canadian}
>  {canadian/options}  =>  {variant=canadian}
>  {newzealand/target}  =>  {english}
>  {newzealand/variant}  =>  {newzealand}
>  {newzealand/options}  =>  {variant=newzealand}.
 (thesis.aux (includes/MA-titlepage.aux)
LaTeX Info: Redefining \rmfamily on input line 26.
LaTeX Info: Redefining \sffamily on input line 26.
LaTeX Info: Redefining \ttfamily on input line 26.
 (includes/abstract.aux)
(includes/acknowledgements.aux) (chapters/introduction.aux)
(chapters/relatedworks.aux) (chapters/fundamentals.aux) (chapters/methods.aux)
(chapters/results.aux) (chapters/discussion.aux)
(includes/eidesstattlicheErklaerung.aux))

LaTeX Warning: There were undefined references.


LaTeX Warning: There were multiply-defined labels.

Package rerunfilecheck Info: File `thesis.out' has not changed.
(rerunfilecheck)             Checksum: D41D8CD98F00B204E9800998ECF8427E;0.

Package biblatex Warning: Please (re)run Biber on the file:
(biblatex)                thesis
(biblatex)                and rerun LaTeX afterwards.

Package logreq Info: Writing requests to 'thesis.run.xml'.
\openout1 = `thesis.run.xml'.

 ) 
Here is how much of TeX's memory you used:
 38653 strings out of 410636
 807107 string characters out of 2822900
 1916065 words of memory out of 3000000
 59158 multiletter control sequences out of 15000+600000
 475707 words of font info for 72 fonts, out of 8000000 for 9000
 1348 hyphenation exceptions out of 8191
 108i,20n,131p,10603b,5298s stack positions out of 10000i,1000n,20000p,200000b,80000s

Output written on thesis.pdf (78 pages).
